<?xml version="1.0" encoding="UTF-8"?>
<!-- Generated by org.testng.reporters.JUnitReportReporter -->
<testsuite hostname="del1-lhp-n67584" failures="0" tests="1" name="RestAssuredTests.Demo1_POST_Request" time="3.176" errors="0" timestamp="2022-02-07T20:54:30 IST" skipped="0">
  <testcase classname="RestAssuredTests.Demo1_POST_Request" name="updateResource" time="3.176"/>
  <system-out/>
</testsuite> <!-- RestAssuredTests.Demo1_POST_Request -->
