<?xml version="1.0" encoding="UTF-8"?>
<!-- Generated by org.testng.reporters.JUnitReportReporter -->
<testsuite hostname="del1-lhp-n67584" failures="0" tests="1" name="RestAssuredTests.Demo6_BasicValidations_XML" time="2.233" errors="0" timestamp="2022-02-10T09:58:37 IST" skipped="0">
  <testcase classname="RestAssuredTests.Demo6_BasicValidations_XML" name="testUsingXMLXpath2" time="2.233"/>
  <system-out/>
</testsuite> <!-- RestAssuredTests.Demo6_BasicValidations_XML -->
