<?xml version="1.0" encoding="UTF-8"?>
<!-- Generated by org.testng.reporters.JUnitReportReporter -->
<testsuite hostname="del1-lhp-n67584" failures="0" tests="1" name="RestAssuredTests.Demo1_GET_Request" time="3.133" errors="0" timestamp="2022-12-26T18:35:58 IST" skipped="0">
  <testcase classname="RestAssuredTests.Demo1_GET_Request" name="getWeatherDetails" time="3.133"/>
  <system-out/>
</testsuite> <!-- RestAssuredTests.Demo1_GET_Request -->
