<?xml version="1.0" encoding="UTF-8"?>
<!-- Generated by org.testng.reporters.JUnitReportReporter -->
<testsuite hostname="del1-lhp-n67584" failures="0" tests="1" name="RestAssuredTests.Demo4_DELETE_Request" time="25.987" errors="0" timestamp="2022-02-07T21:14:30 IST" skipped="0">
  <testcase classname="RestAssuredTests.Demo4_DELETE_Request" name="deleteResource" time="25.987"/>
  <system-out/>
</testsuite> <!-- RestAssuredTests.Demo4_DELETE_Request -->
